Performing C SOURCE FILE Test CMAKE_HAVE_LIBC_PTHREAD failed with the following output:
Change Dir: /home/huongtx/Documents/Projects/Openwebtorrent/openwebtorrent-tracker/build/CMakeFiles/CMakeTmp

Run Build Command(s):/usr/bin/make cmTC_63c32/fast && make[1]: Entering directory '/home/huongtx/Documents/Projects/Openwebtorrent/openwebtorrent-tracker/build/CMakeFiles/CMakeTmp'
/usr/bin/make  -f CMakeFiles/cmTC_63c32.dir/build.make CMakeFiles/cmTC_63c32.dir/build
make[2]: Entering directory '/home/huongtx/Documents/Projects/Openwebtorrent/openwebtorrent-tracker/build/CMakeFiles/CMakeTmp'
Building C object CMakeFiles/cmTC_63c32.dir/src.c.o
/usr/bin/cc   -DCMAKE_HAVE_LIBC_PTHREAD   -o CMakeFiles/cmTC_63c32.dir/src.c.o   -c /home/huongtx/Documents/Projects/Openwebtorrent/openwebtorrent-tracker/build/CMakeFiles/CMakeTmp/src.c
Linking C executable cmTC_63c32
/usr/local/bin/cmake -E cmake_link_script CMakeFiles/cmTC_63c32.dir/link.txt --verbose=1
/usr/bin/cc  -DCMAKE_HAVE_LIBC_PTHREAD    CMakeFiles/cmTC_63c32.dir/src.c.o  -o cmTC_63c32 
/usr/bin/ld: CMakeFiles/cmTC_63c32.dir/src.c.o: in function `main':
src.c:(.text+0x46): undefined reference to `pthread_create'
/usr/bin/ld: src.c:(.text+0x52): undefined reference to `pthread_detach'
/usr/bin/ld: src.c:(.text+0x5e): undefined reference to `pthread_cancel'
/usr/bin/ld: src.c:(.text+0x6f): undefined reference to `pthread_join'
collect2: error: ld returned 1 exit status
make[2]: *** [CMakeFiles/cmTC_63c32.dir/build.make:107: cmTC_63c32] Error 1
make[2]: Leaving directory '/home/huongtx/Documents/Projects/Openwebtorrent/openwebtorrent-tracker/build/CMakeFiles/CMakeTmp'
make[1]: *** [Makefile:141: cmTC_63c32/fast] Error 2
make[1]: Leaving directory '/home/huongtx/Documents/Projects/Openwebtorrent/openwebtorrent-tracker/build/CMakeFiles/CMakeTmp'


Source file was:
#include <pthread.h>

void* test_func(void* data)
{
  return data;
}

int main(void)
{
  pthread_t thread;
  pthread_create(&thread, NULL, test_func, NULL);
  pthread_detach(thread);
  pthread_cancel(thread);
  pthread_join(thread, NULL);
  pthread_atfork(NULL, NULL, NULL);
  pthread_exit(NULL);

  return 0;
}

Determining if the function pthread_create exists in the pthreads failed with the following output:
Change Dir: /home/huongtx/Documents/Projects/Openwebtorrent/openwebtorrent-tracker/build/CMakeFiles/CMakeTmp

Run Build Command(s):/usr/bin/make cmTC_51e70/fast && make[1]: Entering directory '/home/huongtx/Documents/Projects/Openwebtorrent/openwebtorrent-tracker/build/CMakeFiles/CMakeTmp'
/usr/bin/make  -f CMakeFiles/cmTC_51e70.dir/build.make CMakeFiles/cmTC_51e70.dir/build
make[2]: Entering directory '/home/huongtx/Documents/Projects/Openwebtorrent/openwebtorrent-tracker/build/CMakeFiles/CMakeTmp'
Building C object CMakeFiles/cmTC_51e70.dir/CheckFunctionExists.c.o
/usr/bin/cc   -DCHECK_FUNCTION_EXISTS=pthread_create   -o CMakeFiles/cmTC_51e70.dir/CheckFunctionExists.c.o   -c /usr/local/share/cmake-3.17/Modules/CheckFunctionExists.c
Linking C executable cmTC_51e70
/usr/local/bin/cmake -E cmake_link_script CMakeFiles/cmTC_51e70.dir/link.txt --verbose=1
/usr/bin/cc  -DCHECK_FUNCTION_EXISTS=pthread_create    CMakeFiles/cmTC_51e70.dir/CheckFunctionExists.c.o  -o cmTC_51e70  -lpthreads 
/usr/bin/ld: cannot find -lpthreads
collect2: error: ld returned 1 exit status
make[2]: *** [CMakeFiles/cmTC_51e70.dir/build.make:107: cmTC_51e70] Error 1
make[2]: Leaving directory '/home/huongtx/Documents/Projects/Openwebtorrent/openwebtorrent-tracker/build/CMakeFiles/CMakeTmp'
make[1]: *** [Makefile:141: cmTC_51e70/fast] Error 2
make[1]: Leaving directory '/home/huongtx/Documents/Projects/Openwebtorrent/openwebtorrent-tracker/build/CMakeFiles/CMakeTmp'



